{"C:\\Users\\Administrator\\Desktop\\未来星\\jest-vue\\src\\views\\TodoList\\index.vue": {"path":"C:\\Users\\Administrator\\Desktop\\未来星\\jest-vue\\src\\views\\TodoList\\index.vue","statementMap":{"0":{"start":{"line":1,"column":0},"end":{"line":1,"column":null}}},"fnMap":{"0":{"name":"(anonymous_0)","decl":{"start":{"line":1,"column":0},"end":{"line":1,"column":null}},"loc":{"start":{"line":1,"column":0},"end":{"line":1,"column":null}}}},"branchMap":{},"s":{"0":12},"f":{"0":3},"b":{}}
,"C:\\Users\\Administrator\\Desktop\\未来星\\jest-vue\\src\\views\\TodoList\\components\\TodoListHeader\\index.vue": {"path":"C:\\Users\\Administrator\\Desktop\\未来星\\jest-vue\\src\\views\\TodoList\\components\\TodoListHeader\\index.vue","statementMap":{"0":{"start":{"line":7,"column":0},"end":{"line":23,"column":null}},"1":{"start":{"line":1,"column":0},"end":{"line":1,"column":null}}},"fnMap":{"0":{"name":"(anonymous_2)","decl":{"start":{"line":1,"column":0},"end":{"line":1,"column":null}},"loc":{"start":{"line":1,"column":0},"end":{"line":1,"column":null}}}},"branchMap":{"0":{"loc":{"start":{"line":1,"column":0},"end":{"line":1,"column":null}},"type":"if","locations":[{"start":{"line":1,"column":0},"end":{"line":1,"column":null}}]},"1":{"loc":{"start":{"line":1,"column":0},"end":{"line":1,"column":null}},"type":"binary-expr","locations":[{"start":{"line":1,"column":0},"end":{"line":1,"column":null}},{"start":{"line":1,"column":0},"end":{"line":1,"column":null}}]}},"s":{"0":2,"1":40},"f":{"0":13},"b":{"0":[0],"1":[2,2]}}
,"C:\\Users\\Administrator\\Desktop\\未来星\\jest-vue\\src\\views\\TodoList\\components\\UndoList\\index.vue": {"path":"C:\\Users\\Administrator\\Desktop\\未来星\\jest-vue\\src\\views\\TodoList\\components\\UndoList\\index.vue","statementMap":{"0":{"start":{"line":20,"column":0},"end":{"line":38,"column":null}},"1":{"start":{"line":1,"column":0},"end":{"line":1,"column":null}}},"fnMap":{"0":{"name":"(anonymous_3)","decl":{"start":{"line":1,"column":0},"end":{"line":1,"column":null}},"loc":{"start":{"line":1,"column":0},"end":{"line":1,"column":null}}}},"branchMap":{},"s":{"0":2,"1":22},"f":{"0":10},"b":{}}
}
